\BOOKMARK [0][-]{Doc-Start}{\376\377\000L\036\335\000i\000\040\000c\000a\000m\000\040\001\021\000o\000a\000n}{}% 1
\BOOKMARK [0][-]{chapter*.1}{\376\377\000L\036\335\000i\000\040\000c\036\243\000m\000\040\001\241\000n}{}% 2
\BOOKMARK [0][-]{chapter*.2}{\376\377\000M\036\345\000c\000\040\000l\036\345\000c}{}% 3
\BOOKMARK [0][-]{chapter*.3}{\376\377\001\020\000\341\000n\000h\000\040\000g\000i\000\341\000\040\000t\000h\000\340\000n\000h\000\040\000v\000i\000\352\000n}{}% 4
\BOOKMARK [0][-]{chapter*.4}{\376\377\001\020\000\341\000n\000h\000\040\000g\000i\000\341\000\040\000m\036\351\000c\000\040\001\021\036\331\000\040\000h\000o\000\340\000n\000\040\000t\000h\000\340\000n\000h\000\040\000t\036\353\000n\000g\000\040\000y\000\352\000u\000\040\000c\036\247\000u}{}% 5
\BOOKMARK [0][-]{chapter.1}{\376\377\000N\000g\000\364\000n\000\040\000n\000g\036\357}{}% 6
\BOOKMARK [0][-]{chapter.2}{\376\377\000N\036\331\000i\000\040\000d\000u\000n\000g\000\040\000c\000h\000\355\000n\000h\000\040\000c\036\347\000a\000\040\000b\000\341\000o\000\040\000c\000\341\000o}{}% 7
\BOOKMARK [1][-]{section.2.1}{\376\377\000G\000i\036\333\000i\000\040\000t\000h\000i\036\307\000u\000\040\000b\000\340\000i\000\040\000t\000o\000\341\000n}{chapter.2}% 8
\BOOKMARK [1][-]{section.2.2}{\376\377\000G\000i\036\243\000i\000\040\000t\000h\000\355\000c\000h\000\040\000p\000h\036\247\000n\000\040\000x\036\355\000\040\000l\000\375\000\040\000d\036\357\000\040\000l\000i\036\307\000u\000,\000\040\000g\000i\036\333\000i\000\040\000t\000h\000i\036\307\000u\000\040\000m\000\364\000\040\000h\000\354\000n\000h\000,\000\040\000g\000i\036\243\000i\000\040\000t\000h\000\355\000c\000h\000\040\000m\000\364\000\040\000h\000\354\000n\000h}{chapter.2}% 9
\BOOKMARK [2][-]{subsection.2.2.1}{\376\377\000X\000\342\000y\000\040\000d\036\361\000n\000g\000\040\000t\036\255\000p\000\040\000d\036\357\000\040\000l\000i\036\307\000u}{section.2.2}% 10
\BOOKMARK [2][-]{subsection.2.2.2}{\376\377\000G\000i\036\333\000i\000\040\000t\000h\000i\036\307\000u\000\040\000M\000\364\000\040\000h\000\354\000n\000h}{section.2.2}% 11
\BOOKMARK [2][-]{subsection.2.2.3}{\376\377\000G\000i\036\243\000i\000\040\000t\000h\000\355\000c\000h\000\040\000M\000\364\000\040\000h\000\354\000n\000h}{section.2.2}% 12
\BOOKMARK [2][-]{subsection.2.2.4}{\376\377\000C\000\341\000c\000h\000\040\000t\000h\036\351\000c\000\040\000h\000o\036\241\000t\000\040\001\021\036\331\000n\000g\000:}{section.2.2}% 13
\BOOKMARK [1][-]{section.2.3}{\376\377\000E\000x\000p\000e\000r\000i\000m\000e\000n\000t}{chapter.2}% 14
\BOOKMARK [2][-]{subsection.2.3.1}{\376\377\000\040\000G\000i\036\333\000i\000\040\000t\000h\000i\036\307\000u\000\040\000d\000a\000t\000a\000s\000e\000t\000,\000\040\000m\000\364\000\040\000t\036\243\000\040\000d\000a\000t\000a\000s\000e\000t\000\050\000\040\000g\036\323\000m\000\040\000b\000a\000o\000\040\000n\000h\000i\000\352\000u\000\040\000m\036\253\000u\000,\000\040\000c\000\363\000\040\000n\000h\036\357\000n\000g\000\040\000g\000\354\000\040\000t\000r\000o\000n\000g\000\040\000d\000a\000t\000a\000s\000e\000t\000\051}{section.2.3}% 15
\BOOKMARK [2][-]{subsection.2.3.2}{\376\377\000C\036\245\000u\000\040\000h\000\354\000n\000h\000\040\000c\000h\036\241\000y\000\040\000t\000h\000\355\000\040\000n\000g\000h\000i\036\307\000m}{section.2.3}% 16
\BOOKMARK [2][-]{subsection.2.3.3}{\376\377\000K\036\277\000t\000\040\000q\000u\036\243\000\040\000c\000h\036\241\000y\000\040\000t\000h\000\355\000\040\000n\000g\000h\000i\036\307\000m}{section.2.3}% 17
\BOOKMARK [1][-]{section.2.4}{\376\377\000K\036\277\000t\000\040\000l\000u\036\255\000n}{chapter.2}% 18
\BOOKMARK [0][-]{chapter.3}{\376\377\000B\000\341\000o\000\040\000c\000\341\000o\000\040\000l\000\340\000m\000\040\000v\000i\036\307\000c\000\040\000h\000\340\000n\000g\000\040\000t\000u\036\247\000n}{}% 19
\BOOKMARK [1][-]{section.3.1}{\376\377\000H\036\315\000p\000\040\000l\036\247\000n\000\040\0001}{chapter.3}% 20
\BOOKMARK [1][-]{section.3.2}{\376\377\000H\036\315\000p\000\040\000l\036\247\000n\000\040\0002}{chapter.3}% 21
\BOOKMARK [1][-]{section.3.3}{\376\377\000H\036\315\000p\000\040\000l\036\247\000n\000\040\0003}{chapter.3}% 22
\BOOKMARK [0][-]{Item.19}{\376\377\000T\000\340\000i\000\040\000l\000i\036\307\000u\000\040\000t\000h\000a\000m\000\040\000k\000h\036\243\000o}{}% 23
