#
# There is insufficient memory for the Java Runtime Environment to continue.
# Native memory allocation (mmap) failed to map 234881024 bytes. Error detail: G1 virtual space
# Possible reasons:
#   The system is out of physical RAM or swap space
#   This process is running with CompressedOops enabled, and the Java Heap may be blocking the growth of the native heap
# Possible solutions:
#   Reduce memory load on the system
#   Increase physical memory or swap space
#   Check if swap backing store is full
#   Decrease Java heap size (-Xmx/-Xms)
#   Decrease number of Java threads
#   Decrease Java thread stack sizes (-Xss)
#   Set larger code cache with -XX:ReservedCodeCacheSize=
#   JVM is running with Zero Based Compressed Oops mode in which the Java heap is
#     placed in the first 32GB address space. The Java Heap base address is the
#     maximum limit for the native heap growth. Please use -XX:HeapBaseMinAddress
#     to set the Java Heap base and to place the Java Heap above 32GB virtual address.
# This output file may be truncated or incomplete.
#
#  Out of Memory Error (os_windows.cpp:3925), pid=3476, tid=6944
#
# JRE version:  (21.0.8+1) (build )
# Java VM: OpenJDK 64-Bit Server VM (21.0.8+1-b1038.72, mixed mode, sharing, tiered, compressed oops, compressed class ptrs, g1 gc, windows-amd64)
# No core dump will be written. Minidumps are not enabled by default on client versions of Windows
#

---------------  S U M M A R Y ------------

Command Line: git4idea.http.GitAskPassApp Username for 'https://github.com': 

Host: AMD Ryzen 7 3750H with Radeon Vega Mobile Gfx  , 8 cores, 13G,  Windows 10 , 64 bit Build 19041 (10.0.19041.4597)
Time: Thu Oct 23 11:49:30 2025 SE Asia Standard Time elapsed time: 0.011912 seconds (0d 0h 0m 0s)

---------------  T H R E A D  ---------------

Current thread (0x000001b2566a3850):  JavaThread "Unknown thread" [_thread_in_vm, id=6944, stack(0x00000077f7d00000,0x00000077f7e00000) (1024K)]

Stack: [0x00000077f7d00000,0x00000077f7e00000]
Native frames: (J=compiled Java code, j=interpreted, Vv=VM code, C=native code)
V  [jvm.dll+0x6ebeb9]
V  [jvm.dll+0x8cbec3]
V  [jvm.dll+0x8ce47e]
V  [jvm.dll+0x8ceb63]
V  [jvm.dll+0x28adf6]
V  [jvm.dll+0x6e8695]
V  [jvm.dll+0x6dbeea]
V  [jvm.dll+0x36689b]
V  [jvm.dll+0x36e466]
V  [jvm.dll+0x3c08c6]
V  [jvm.dll+0x3c0b98]
V  [jvm.dll+0x3390cc]
V  [jvm.dll+0x339dbb]
V  [jvm.dll+0x893349]
V  [jvm.dll+0x3cda98]
V  [jvm.dll+0x87c368]
V  [jvm.dll+0x46283e]
V  [jvm.dll+0x464521]
C  [jli.dll+0x52ab]
C  [ucrtbase.dll+0x21bb2]
C  [KERNEL32.DLL+0x17374]
C  [ntdll.dll+0x4cc91]


---------------  P R O C E S S  ---------------

Threads class SMR info:
_java_thread_list=0x00007ffbb24232c8, length=0, elements={
}

Java Threads: ( => current thread )
Total: 0

Other Threads:
  0x000001b2566fd100 WorkerThread "GC Thread#0"                     [id=7956, stack(0x00000077f7e00000,0x00000077f7f00000) (1024K)]
  0x000001b25670c7c0 ConcurrentGCThread "G1 Main Marker"            [id=15536, stack(0x00000077f7f00000,0x00000077f8000000) (1024K)]
  0x000001b25670d2c0 WorkerThread "G1 Conc#0"                       [id=5704, stack(0x00000077f8000000,0x00000077f8100000) (1024K)]

[error occurred during error reporting (printing all threads), id 0xc0000005, EXCEPTION_ACCESS_VIOLATION (0xc0000005) at pc=0x00007ffbb1b0c0b7]
VM state: not at safepoint (not fully initialized)

VM Mutex/Monitor currently owned by a thread:  ([mutex/lock_event])
[0x00007ffbb2497d58] Heap_lock - owner thread: 0x000001b2566a3850

Heap address: 0x0000000720e00000, size: 3570 MB, Compressed Oops mode: Zero based, Oop shift amount: 3

CDS archive(s) mapped at: [0x0000000000000000-0x0000000000000000-0x0000000000000000), size 0, SharedBaseAddress: 0x0000000800000000, ArchiveRelocationMode: 1.
Narrow klass base: 0x0000000000000000, Narrow klass shift: 0, Narrow klass range: 0x0

GC Precious Log:
 CardTable entry size: 512
 Card Set container configuration: InlinePtr #cards 4 size 8 Array Of Cards #cards 16 size 48 Howl #buckets 8 coarsen threshold 3686 Howl Bitmap #cards 512 size 80 coarsen threshold 460 Card regions per heap region 1 cards per card region 4096

Heap:
 garbage-first heap   total 0K, used 0K [0x0000000720e00000, 0x0000000800000000)
  region size 2048K, 0 young (0K), 0 survivors (0K)
 Metaspace       used 0K, committed 0K, reserved 0K
  class space    used 0K, committed 0K, reserved 0K

Heap Regions: E=young(eden), S=young(survivor), O=old, HS=humongous(starts), HC=humongous(continues), CS=collection set, F=free, TAMS=top-at-mark-start, PB=parsable bottom

Card table byte_map: [0x000001b26a120000,0x000001b26a820000] _byte_map_base: 0x000001b266819000

Marking Bits: (CMBitMap*) 0x000001b2566fd800
 Bits: [0x000001b26a820000, 0x000001b26dfe8000)

GC Heap History (0 events):
No events

Dll operation events (1 events):
Event: 0.007 Loaded shared library C:\Program Files\JetBrains\PyCharm 2025.2.3\jbr\bin\java.dll

Deoptimization events (0 events):
No events

Classes loaded (0 events):
No events

Classes unloaded (0 events):
No events

Classes redefined (0 events):
No events

Internal exceptions (0 events):
No events

ZGC Phase Switch (0 events):
No events

VM Operations (0 events):
No events

Memory protections (0 events):
No events

Nmethod flushes (0 events):
No events

Events (0 events):
No events


Dynamic libraries:
0x00007ff76f5a0000 - 0x00007ff76f5aa000 	C:\Program Files\JetBrains\PyCharm 2025.2.3\jbr\bin\java.exe
0x00007ffc14e10000 - 0x00007ffc15008000 	C:\Windows\SYSTEM32\ntdll.dll
0x00007ffc14920000 - 0x00007ffc149e1000 	C:\Windows\System32\KERNEL32.DLL
0x00007ffc124c0000 - 0x00007ffc127b6000 	C:\Windows\System32\KERNELBASE.dll
0x00007ffc128c0000 - 0x00007ffc129c0000 	C:\Windows\System32\ucrtbase.dll
0x00007ffbffd80000 - 0x00007ffbffd9b000 	C:\Program Files\JetBrains\PyCharm 2025.2.3\jbr\bin\VCRUNTIME140.dll
0x00007ffbeb350000 - 0x00007ffbeb368000 	C:\Program Files\JetBrains\PyCharm 2025.2.3\jbr\bin\jli.dll
0x00007ffc13e90000 - 0x00007ffc1402f000 	C:\Windows\System32\USER32.dll
0x00007ffc01860000 - 0x00007ffc01afa000 	C:\Windows\WinSxS\amd64_microsoft.windows.common-controls_6595b64144ccf1df_6.0.19041.4355_none_60b8b9eb71f62e16\COMCTL32.dll
0x00007ffc12c10000 - 0x00007ffc12c32000 	C:\Windows\System32\win32u.dll
0x00007ffc147a0000 - 0x00007ffc147cb000 	C:\Windows\System32\GDI32.dll
0x00007ffc14d30000 - 0x00007ffc14dce000 	C:\Windows\System32\msvcrt.dll
0x00007ffc129f0000 - 0x00007ffc12b07000 	C:\Windows\System32\gdi32full.dll
0x00007ffc12c40000 - 0x00007ffc12cdd000 	C:\Windows\System32\msvcp_win.dll
0x00007ffc13830000 - 0x00007ffc1385f000 	C:\Windows\System32\IMM32.DLL
0x00007ffc08d70000 - 0x00007ffc08d7c000 	C:\Program Files\JetBrains\PyCharm 2025.2.3\jbr\bin\vcruntime140_1.dll
0x00007ffbdf3f0000 - 0x00007ffbdf47d000 	C:\Program Files\JetBrains\PyCharm 2025.2.3\jbr\bin\msvcp140.dll
0x00007ffbb17c0000 - 0x00007ffbb258b000 	C:\Program Files\JetBrains\PyCharm 2025.2.3\jbr\bin\server\jvm.dll
0x00007ffc12ea0000 - 0x00007ffc12f50000 	C:\Windows\System32\ADVAPI32.dll
0x00007ffc14b30000 - 0x00007ffc14bd0000 	C:\Windows\System32\sechost.dll
0x00007ffc13700000 - 0x00007ffc13823000 	C:\Windows\System32\RPCRT4.dll
0x00007ffc129c0000 - 0x00007ffc129e7000 	C:\Windows\System32\bcrypt.dll
0x00007ffc147d0000 - 0x00007ffc1483b000 	C:\Windows\System32\WS2_32.dll
0x00007ffc12310000 - 0x00007ffc1235b000 	C:\Windows\SYSTEM32\POWRPROF.dll
0x00007ffc0a3e0000 - 0x00007ffc0a3ea000 	C:\Windows\SYSTEM32\VERSION.dll
0x00007ffc06a10000 - 0x00007ffc06a37000 	C:\Windows\SYSTEM32\WINMM.dll
0x00007ffc122f0000 - 0x00007ffc12302000 	C:\Windows\SYSTEM32\UMPDC.dll
0x00007ffc10300000 - 0x00007ffc10312000 	C:\Windows\SYSTEM32\kernel.appcore.dll
0x00007ffc06230000 - 0x00007ffc0623a000 	C:\Program Files\JetBrains\PyCharm 2025.2.3\jbr\bin\jimage.dll
0x00007ffbfbea0000 - 0x00007ffbfc084000 	C:\Windows\SYSTEM32\DBGHELP.DLL
0x00007ffbf25d0000 - 0x00007ffbf2604000 	C:\Windows\SYSTEM32\dbgcore.DLL
0x00007ffc127c0000 - 0x00007ffc12842000 	C:\Windows\System32\bcryptPrimitives.dll
0x00007ffbffd10000 - 0x00007ffbffd30000 	C:\Program Files\JetBrains\PyCharm 2025.2.3\jbr\bin\java.dll

JVMTI agents: none

dbghelp: loaded successfully - version: 4.0.5 - missing functions: none
symbol engine: initialized successfully - sym options: 0x614 - pdb path: .;C:\Program Files\JetBrains\PyCharm 2025.2.3\jbr\bin;C:\Windows\SYSTEM32;C:\Windows\WinSxS\amd64_microsoft.windows.common-controls_6595b64144ccf1df_6.0.19041.4355_none_60b8b9eb71f62e16;C:\Program Files\JetBrains\PyCharm 2025.2.3\jbr\bin\server

VM Arguments:
java_command: git4idea.http.GitAskPassApp Username for 'https://github.com': 
java_class_path (initial): C:/Program Files/JetBrains/PyCharm 2025.2.3/plugins/vcs-git/lib/git4idea-rt.jar;C:/Program Files/JetBrains/PyCharm 2025.2.3/lib/externalProcess-rt.jar
Launcher Type: SUN_STANDARD

[Global flags]
     intx CICompilerCount                          = 4                                         {product} {ergonomic}
     uint ConcGCThreads                            = 2                                         {product} {ergonomic}
     uint G1ConcRefinementThreads                  = 8                                         {product} {ergonomic}
   size_t G1HeapRegionSize                         = 2097152                                   {product} {ergonomic}
    uintx GCDrainStackTargetSize                   = 64                                        {product} {ergonomic}
   size_t InitialHeapSize                          = 234881024                                 {product} {ergonomic}
   size_t MarkStackSize                            = 4194304                                   {product} {ergonomic}
   size_t MaxHeapSize                              = 3743416320                                {product} {ergonomic}
   size_t MinHeapDeltaBytes                        = 2097152                                   {product} {ergonomic}
   size_t MinHeapSize                              = 8388608                                   {product} {ergonomic}
    uintx NonNMethodCodeHeapSize                   = 5839372                                {pd product} {ergonomic}
    uintx NonProfiledCodeHeapSize                  = 122909434                              {pd product} {ergonomic}
    uintx ProfiledCodeHeapSize                     = 122909434                              {pd product} {ergonomic}
    uintx ReservedCodeCacheSize                    = 251658240                              {pd product} {ergonomic}
     bool SegmentedCodeCache                       = true                                      {product} {ergonomic}
   size_t SoftMaxHeapSize                          = 3743416320                             {manageable} {ergonomic}
     bool UseCompressedOops                        = true                           {product lp64_product} {ergonomic}
     bool UseG1GC                                  = true                                      {product} {ergonomic}
     bool UseLargePagesIndividualAllocation        = false                                  {pd product} {ergonomic}

Logging:
Log output configuration:
 #0: stdout all=warning uptime,level,tags foldmultilines=false
 #1: stderr all=off uptime,level,tags foldmultilines=false

Environment Variables:
PATH=C:\Program Files\Git\mingw64\libexec\git-core;C:\Program Files\Git\mingw64\libexec\git-core;C:\Program Files\Git\mingw64\bin;C:\Program Files\Git\usr\bin;C:\Users\Administrator\bin;C:\Users\Administrator\Desktop\wod\.venv\Scripts;C:\Program Files\Python313\Scripts;C:\Program Files\Python313;C:\Users\Administrator\AppData\Local\Programs\cursor\resources\app\bin;C:\Windows\system32;C:\Windows;C:\Windows\System32\Wbem;C:\Windows\System32\WindowsPowerShell\v1.0;C:\Program Files\Microsoft Visual Studio\2022\Community\MSBuild\Current\Bin;C:\Windows\System32\OpenSSH;C:\Program Files\dotnet;C:\msys64\ucrt64\bin;C:\Program Files\Git\cmd;C:\Program Files\Git\cmd;C:\Program Files\CMake\bin;C:\Users\Administrator\AppData\Local\Microsoft\WindowsApps;C:\msys64\ucrt64\bin;C:\Users\Administrator\AppData\Local\Programs\cursor\resources\app\bin;C:\Users\Administrator\AppData\Local\Programs\cursor\resources\app\bin;C:\raylib\w64devkit\bin;C:\Program Files\Cloudflare\Cloudflare WARP;C:\Users\Administrator\.local\bin;C:\Users\Administrator\.local\bin;C:\Users\Administrator\AppData\Local\Microsoft\WindowsApps;C:\Users\Administrator\AppData\Local\Programs\Microsoft VS Code\bin;C:\msys64\ucrt64\bin;C:\Users\Administrator\AppData\Local\Programs\cursor\resources\app\bin;C:\Program Files\JetBrains\CLion 2025.1.2\bin;C:\Program Files\JetBrains\PyCharm 2025.2.3\bin
USERNAME=Administrator
DISPLAY=:0.0
LC_ALL=en_US.UTF-8
TERM=xterm-256color
TMPDIR=C:\Users\ADMINI~1\AppData\Local\Temp
OS=Windows_NT
PROCESSOR_IDENTIFIER=AMD64 Family 23 Model 24 Stepping 1, AuthenticAMD
TMP=C:\Users\ADMINI~1\AppData\Local\Temp
TEMP=C:\Users\ADMINI~1\AppData\Local\Temp




Periodic native trim disabled

JNI global refs:
JNI global refs: 0, weak refs: 0

JNI global refs memory usage: 0, weak refs: 0

Process memory usage:
Resident Set Size: 10972K (0% of 14615564K total physical memory with 2680200K free physical memory)

OOME stack traces (most recent first):
Classloader memory used:

---------------  S Y S T E M  ---------------

OS:
 Windows 10 , 64 bit Build 19041 (10.0.19041.4597)
OS uptime: 0 days 4:04 hours
Hyper-V role detected

CPU: total 8 (initial active 8) (8 cores per cpu, 2 threads per core) family 23 model 24 stepping 1 microcode 0x0, cx8, cmov, fxsr, ht, mmx, 3dnowpref, sse, sse2, sse3, ssse3, sse4a, sse4.1, sse4.2, popcnt, lzcnt, tsc, tscinvbit, avx, avx2, aes, clmul, bmi1, bmi2, adx, sha, fma, vzeroupper, clflush, clflushopt, hv, rdtscp, f16c
Processor Information for the first 8 processors :
  Max Mhz: 2300, Current Mhz: 2300, Mhz Limit: 2300

Memory: 4k page, system-wide physical 14273M (2617M free)
TotalPageFile size 14473M (AvailPageFile size 36M)
current process WorkingSet (physical memory assigned to process): 10M, peak: 10M
current process commit charge ("private bytes"): 60M, peak: 284M

vm_info: OpenJDK 64-Bit Server VM (21.0.8+1-b1038.72) for windows-amd64 JRE (21.0.8+1-b1038.72), built on 2025-09-08 by "builduser" with MS VC++ 16.10 / 16.11 (VS2019)

END.
